<?xml version="1.0" encoding="UTF-8"?>
<!-- Generated by org.testng.reporters.JUnitReportReporter -->
<testsuite hostname="Asheeshs-MacBook-Pro.local" name="com.AppDirect.Tests.PagesTest" tests="4" failures="0" timestamp="13 Apr 2017 02:36:57 GMT" time="29.028" errors="0">
  <testcase name="HomePageTest" time="15.473" classname="com.AppDirect.Tests.PagesTest"/>
  <testcase name="SignUpPageTest" time="8.075" classname="com.AppDirect.Tests.PagesTest"/>
  <testcase name="EmailPage" time="0.255" classname="com.AppDirect.Tests.PagesTest"/>
  <testcase name="NewRegistration" time="5.225" classname="com.AppDirect.Tests.PagesTest"/>
</testsuite> <!-- com.AppDirect.Tests.PagesTest -->
